<?xml version="1.0" encoding="UTF-8"?>
<!-- Generated by org.testng.reporters.JUnitXMLReporter -->
<testsuite hostname="LAPTOP-K6546IAP" ignored="0" name="Default test" tests="6" failures="0" timestamp="2019-11-28T20:02:39 CET" time="5.268" errors="0">
  <testcase name="checkContentLength" time="0.005" classname="com.userapi.testCases.TC5_DELETE_User_Record"/>
  <testcase name="checkResponseBody" time="0.002" classname="com.userapi.testCases.TC5_DELETE_User_Record"/>
  <testcase name="checkResponseTime" time="0.002" classname="com.userapi.testCases.TC5_DELETE_User_Record"/>
  <testcase name="checkServer" time="0.001" classname="com.userapi.testCases.TC5_DELETE_User_Record"/>
  <testcase name="checkStatusCode" time="0.001" classname="com.userapi.testCases.TC5_DELETE_User_Record"/>
  <testcase name="checkStatusLine" time="0.001" classname="com.userapi.testCases.TC5_DELETE_User_Record"/>
</testsuite> <!-- Default test -->
