<?xml version="1.0" encoding="UTF-8"?>
<!-- Generated by org.testng.reporters.JUnitXMLReporter -->
<testsuite hostname="LAPTOP-K6546IAP" ignored="0" name="UsersRestAPITest" tests="35" failures="0" timestamp="2019-12-02T18:41:40 CET" time="20.999" errors="0">
  <testcase name="checkContentType" time="0.004" classname="com.userapi.testCases.TC1_GET_All_Users"/>
  <testcase name="checkEncodingType" time="0.0" classname="com.userapi.testCases.TC1_GET_All_Users"/>
  <testcase name="checkResponseBody" time="0.023" classname="com.userapi.testCases.TC1_GET_All_Users"/>
  <testcase name="checkResponseTime" time="0.001" classname="com.userapi.testCases.TC1_GET_All_Users"/>
  <testcase name="checkServer" time="0.001" classname="com.userapi.testCases.TC1_GET_All_Users"/>
  <testcase name="checkStatusCode" time="0.0" classname="com.userapi.testCases.TC1_GET_All_Users"/>
  <testcase name="checkStatusLine" time="0.001" classname="com.userapi.testCases.TC1_GET_All_Users"/>
  <testcase name="checkContentType" time="0.0" classname="com.userapi.testCases.TC2_GET_Single_User"/>
  <testcase name="checkEncodingType" time="0.0" classname="com.userapi.testCases.TC2_GET_Single_User"/>
  <testcase name="checkResponseBody" time="0.0" classname="com.userapi.testCases.TC2_GET_Single_User"/>
  <testcase name="checkResponseTime" time="0.0" classname="com.userapi.testCases.TC2_GET_Single_User"/>
  <testcase name="checkServer" time="0.0" classname="com.userapi.testCases.TC2_GET_Single_User"/>
  <testcase name="checkStatusCode" time="0.0" classname="com.userapi.testCases.TC2_GET_Single_User"/>
  <testcase name="checkStatusLine" time="0.001" classname="com.userapi.testCases.TC2_GET_Single_User"/>
  <testcase name="checkUserId" time="0.001" classname="com.userapi.testCases.TC2_GET_Single_User"/>
  <testcase name="checkContentType" time="0.002" classname="com.userapi.testCases.TC3_POST_User_Record"/>
  <testcase name="checkEncodingType" time="0.001" classname="com.userapi.testCases.TC3_POST_User_Record"/>
  <testcase name="checkResponseBody" time="0.001" classname="com.userapi.testCases.TC3_POST_User_Record"/>
  <testcase name="checkResponseTime" time="0.0" classname="com.userapi.testCases.TC3_POST_User_Record"/>
  <testcase name="checkServer" time="0.0" classname="com.userapi.testCases.TC3_POST_User_Record"/>
  <testcase name="checkStatusCode" time="0.0" classname="com.userapi.testCases.TC3_POST_User_Record"/>
  <testcase name="checkStatusLine" time="0.0" classname="com.userapi.testCases.TC3_POST_User_Record"/>
  <testcase name="checkContentType" time="0.002" classname="com.userapi.testCases.TC4_PUT_Update_User_Record"/>
  <testcase name="checkEncodingType" time="0.001" classname="com.userapi.testCases.TC4_PUT_Update_User_Record"/>
  <testcase name="checkResponseBody" time="0.003" classname="com.userapi.testCases.TC4_PUT_Update_User_Record"/>
  <testcase name="checkResponseTime" time="0.002" classname="com.userapi.testCases.TC4_PUT_Update_User_Record"/>
  <testcase name="checkServer" time="0.002" classname="com.userapi.testCases.TC4_PUT_Update_User_Record"/>
  <testcase name="checkStatusCode" time="0.001" classname="com.userapi.testCases.TC4_PUT_Update_User_Record"/>
  <testcase name="checkStatusLine" time="0.0" classname="com.userapi.testCases.TC4_PUT_Update_User_Record"/>
  <testcase name="checkContentLength" time="0.001" classname="com.userapi.testCases.TC5_DELETE_User_Record"/>
  <testcase name="checkResponseBody" time="0.002" classname="com.userapi.testCases.TC5_DELETE_User_Record"/>
  <testcase name="checkResponseTime" time="0.001" classname="com.userapi.testCases.TC5_DELETE_User_Record"/>
  <testcase name="checkServer" time="0.001" classname="com.userapi.testCases.TC5_DELETE_User_Record"/>
  <testcase name="checkStatusCode" time="0.001" classname="com.userapi.testCases.TC5_DELETE_User_Record"/>
  <testcase name="checkStatusLine" time="0.0" classname="com.userapi.testCases.TC5_DELETE_User_Record"/>
</testsuite> <!-- UsersRestAPITest -->
