<?xml version="1.0" encoding="UTF-8"?>
<testsuite xmlns:xsi="http://www.w3.org/2001/XMLSchema-instance" xsi:noNamespaceSchemaLocation="https://maven.apache.org/surefire/maven-surefire-plugin/xsd/surefire-test-report.xsd" name="TestSuite" time="22.166" tests="35" errors="0" skipped="0" failures="0">
  <properties>
[...]
</properties>
  <testcase name="checkContentType" classname="com.userapi.testCases.TC1_GET_All_Users" time="0.004"/>
  <testcase name="checkEncodingType" classname="com.userapi.testCases.TC1_GET_All_Users" time="0.001"/>
  <testcase name="checkResponseBody" classname="com.userapi.testCases.TC1_GET_All_Users" time="0.028"/>
  <testcase name="checkResponseTime" classname="com.userapi.testCases.TC1_GET_All_Users" time="0.001"/>
  <testcase name="checkServer" classname="com.userapi.testCases.TC1_GET_All_Users" time="0"/>
  <testcase name="checkStatusCode" classname="com.userapi.testCases.TC1_GET_All_Users" time="0.001"/>
  <testcase name="checkStatusLine" classname="com.userapi.testCases.TC1_GET_All_Users" time="0.002"/>
  <testcase name="checkContentType" classname="com.userapi.testCases.TC2_GET_Single_User" time="0.001"/>
  <testcase name="checkEncodingType" classname="com.userapi.testCases.TC2_GET_Single_User" time="0.001"/>
  <testcase name="checkResponseBody" classname="com.userapi.testCases.TC2_GET_Single_User" time="0"/>
  <testcase name="checkResponseTime" classname="com.userapi.testCases.TC2_GET_Single_User" time="0.001"/>
  <testcase name="checkServer" classname="com.userapi.testCases.TC2_GET_Single_User" time="0.005"/>
  <testcase name="checkStatusCode" classname="com.userapi.testCases.TC2_GET_Single_User" time="0.001"/>
  <testcase name="checkStatusLine" classname="com.userapi.testCases.TC2_GET_Single_User" time="0.002"/>
  <testcase name="checkUserId" classname="com.userapi.testCases.TC2_GET_Single_User" time="0.001"/>
  <testcase name="checkContentType" classname="com.userapi.testCases.TC3_POST_User_Record" time="0.003"/>
  <testcase name="checkEncodingType" classname="com.userapi.testCases.TC3_POST_User_Record" time="0.001"/>
  <testcase name="checkResponseBody" classname="com.userapi.testCases.TC3_POST_User_Record" time="0.001"/>
  <testcase name="checkResponseTime" classname="com.userapi.testCases.TC3_POST_User_Record" time="0.001"/>
  <testcase name="checkServer" classname="com.userapi.testCases.TC3_POST_User_Record" time="0.001"/>
  <testcase name="checkStatusCode" classname="com.userapi.testCases.TC3_POST_User_Record" time="0.001"/>
  <testcase name="checkStatusLine" classname="com.userapi.testCases.TC3_POST_User_Record" time="0.001"/>
  <testcase name="checkContentType" classname="com.userapi.testCases.TC4_PUT_Update_User_Record" time="0.004"/>
  <testcase name="checkEncodingType" classname="com.userapi.testCases.TC4_PUT_Update_User_Record" time="0.003"/>
  <testcase name="checkResponseBody" classname="com.userapi.testCases.TC4_PUT_Update_User_Record" time="0.003"/>
  <testcase name="checkResponseTime" classname="com.userapi.testCases.TC4_PUT_Update_User_Record" time="0.002"/>
  <testcase name="checkServer" classname="com.userapi.testCases.TC4_PUT_Update_User_Record" time="0.002"/>
  <testcase name="checkStatusCode" classname="com.userapi.testCases.TC4_PUT_Update_User_Record" time="0.001"/>
  <testcase name="checkStatusLine" classname="com.userapi.testCases.TC4_PUT_Update_User_Record" time="0.001"/>
  <testcase name="checkContentLength" classname="com.userapi.testCases.TC5_DELETE_User_Record" time="0.002"/>
  <testcase name="checkResponseBody" classname="com.userapi.testCases.TC5_DELETE_User_Record" time="0.002"/>
  <testcase name="checkResponseTime" classname="com.userapi.testCases.TC5_DELETE_User_Record" time="0.001"/>
  <testcase name="checkServer" classname="com.userapi.testCases.TC5_DELETE_User_Record" time="0.002"/>
  <testcase name="checkStatusCode" classname="com.userapi.testCases.TC5_DELETE_User_Record" time="0.001"/>
  <testcase name="checkStatusLine" classname="com.userapi.testCases.TC5_DELETE_User_Record" time="0.001"/>
</testsuite>